[15:36:19.623] [INFO] Storybook Upgrade - v9.0.18
[15:36:19.720] [INFO] detect-projects-spinner-start: Detecting projects...
[15:36:19.723] [DEBUG] Finding Storybook projects...
[15:36:20.099] [DEBUG] Found 0 Storybook projects
[15:36:30.679] [PROMPT] No Storybook projects were found. Please enter the path to the .storybook directory for the project you want to upgrade. {"choice":"./config/storybook"}
[15:36:30.680] [INFO] detect-projects-spinner: Detecting projects: 1 projects
[15:36:30.681] [DEBUG] Getting Storybook data...
[15:36:30.681] [DEBUG] Getting Storybook info...
[15:36:30.683] [DEBUG] Loading main config...
[15:36:30.814] [DEBUG] Getting stories paths...
[15:36:30.844] [DEBUG] Getting package manager...
[15:36:31.230] [DEBUG] Getting Storybook version...
[15:36:31.231] [DEBUG] ./config/storybook - Validating before version... 9.0.18
[15:36:31.232] [DEBUG] ./config/storybook - Validating upgrade compatibility...
[15:36:31.232] [DEBUG] ./config/storybook - Fetching NPM version information...
[15:36:31.232] [DEBUG] Getting CLI versions from NPM for storybook...
[15:36:31.248] [DEBUG] Getting CLI versions from NPM for storybook@next...
[15:36:33.077] [DEBUG] ./config/storybook - Evaluating blockers...
[15:36:33.082] [DEBUG] Getting installed version for @storybook/experimental-addon-test...
[15:36:39.847] [DEBUG] An issue occurred while trying to find dependencies metadata using npm.
[15:36:39.847] [INFO] detect-projects-spinner-stop: 1 project detected
[15:36:39.848] [DEBUG] Found 1 valid projects and 0 error projects
[15:36:39.848] [INFO] Upgrading from 9.0.18 to 9.0.18
[15:36:39.937] [INFO] upgrade-dependencies-task-start: Fetching versions to update package.json files..
[15:36:39.937] [DEBUG] Updating dependencies in ./config/storybook...
[15:36:40.023] [INFO] upgrade-dependencies-task: \package.json
[15:36:40.025] [DEBUG] {
  "upgradedDependencies": []
}
[15:36:40.025] [DEBUG] {
  "upgradedDevDependencies": [
    "@storybook/addon-links@^9.0.18",
    "@storybook/builder-webpack5@^9.0.18",
    "@storybook/react@^9.0.18",
    "eslint-plugin-storybook@^9.0.18"
  ]
}
[15:36:40.025] [DEBUG] {
  "upgradedPeerDependencies": []
}
[15:36:40.028] [DEBUG] Getting CLI versions from NPM for @storybook/addon-links...
[15:36:41.062] [DEBUG] Getting CLI versions from NPM for @storybook/builder-webpack5...
[15:36:42.049] [DEBUG] Getting CLI versions from NPM for @storybook/react...
[15:36:42.987] [DEBUG] Getting CLI versions from NPM for eslint-plugin-storybook...
[15:36:43.804] [INFO] upgrade-dependencies-task-success: Updated package versions in package.json files
[15:36:43.805] [INFO] detect-automigrations-task-start: Detecting automigrations...
[15:36:43.806] [DEBUG] Starting automigration collection across 1 projects and 15 fixes...
[15:36:43.905] [INFO] detect-automigrations-task: Checking automigrations for ./config/storybook...
[15:36:43.906] [DEBUG] Processing project: ./config/storybook
[15:36:43.906] [DEBUG] Checking fix eslintPlugin for project ./config/storybook...
[15:36:43.917] [DEBUG] Checking fix addon-mdx-gfm-remove for project ./config/storybook...
[15:36:43.918] [DEBUG] Checking fix addon-storysource-code-panel for project ./config/storybook...
[15:36:43.918] [DEBUG] Checking fix upgrade-storybook-related-dependencies for project ./config/storybook...
[15:36:43.919] [DEBUG] Checking for incompatible storybook packages...
[15:36:43.923] [DEBUG] Getting installed version for @storybook/manager-webpack5...
[15:36:43.939] [DEBUG] Getting installed version for @storybook/testing-library...
[15:36:43.962] [DEBUG] Getting installed version for storybook-addon-mock...
[15:36:43.985] [DEBUG] Getting installed version for storybook-addon-themes...
[15:36:56.857] [DEBUG] An issue occurred while trying to find dependencies metadata using npm.
[15:36:56.858] [DEBUG] Getting CLI versions from NPM for storybook-addon-themes...
[15:36:56.887] [DEBUG] An issue occurred while trying to find dependencies metadata using npm.
[15:36:56.887] [DEBUG] Getting CLI versions from NPM for @storybook/manager-webpack5...
[15:36:57.074] [DEBUG] An issue occurred while trying to find dependencies metadata using npm.
[15:36:57.074] [DEBUG] Getting CLI versions from NPM for @storybook/testing-library...
[15:36:57.135] [DEBUG] An issue occurred while trying to find dependencies metadata using npm.
[15:36:57.135] [DEBUG] Getting CLI versions from NPM for storybook-addon-mock...
[15:36:58.557] [DEBUG] Checking fix initial-globals for project ./config/storybook...
[15:36:58.582] [DEBUG] Checking fix addon-a11y-addon-test for project ./config/storybook...
[15:36:58.582] [DEBUG] Checking fix consolidated-imports for project ./config/storybook...
[15:36:58.585] [DEBUG] Checking fix addon-experimental-test for project ./config/storybook...
[15:36:58.585] [DEBUG] Using cached installed version for @storybook/experimental-addon-test...
[15:36:58.585] [DEBUG] Checking fix rnstorybook-config for project ./config/storybook...
[15:36:58.585] [DEBUG] Checking fix remove-addon-interactions for project ./config/storybook...
[15:36:58.586] [DEBUG] Checking fix renderer-to-framework for project ./config/storybook...
[15:36:58.587] [DEBUG] Checking fix remove-essential-addons for project ./config/storybook...
[15:36:58.587] [DEBUG] Checking fix addon-a11y-parameters for project ./config/storybook...
[15:36:58.587] [DEBUG] Checking fix remove-docs-autodocs for project ./config/storybook...
[15:36:58.590] [DEBUG] Checking fix wrap-require for project ./config/storybook...
[15:36:58.675] [INFO] detect-automigrations-task: 
Automigrations detected:
[15:36:58.676] [INFO] detect-automigrations-task-success: No automigrations detected
[15:36:58.677] [DEBUG] Completed automigrations for ./config/storybook
[15:36:58.677] [INFO] Installing dependencies...
[15:36:58.678] [INFO] install-dependencies-task-start: Installing dependencies...
[15:37:03.998] [ERROR] An error occurred while installing dependencies. {"error":"Error: Command failed with exit code 1: npm install --force\nnpm warn using --force Recommended protections disabled.\nnpm warn ERESOLVE overriding peer dependency\nnpm warn While resolving: eslint-plugin-unused-imports@3.0.0\nnpm warn Found: @typescript-eslint/eslint-plugin@5.62.0\nnpm warn node_modules/@typescript-eslint/eslint-plugin\nnpm warn   dev @typescript-eslint/eslint-plugin@\"^5.52.0\" from the root project\nnpm warn   1 more (eslint-config-standard-with-typescript)\nnpm warn\nnpm warn Could not resolve dependency:\nnpm warn peerOptional @typescript-eslint/eslint-plugin@\"^6.0.0\" from eslint-plugin-unused-imports@3.0.0\nnpm warn node_modules/eslint-plugin-unused-imports\nnpm warn   dev eslint-plugin-unused-imports@\"^3.0.0\" from the root project\nnpm warn\nnpm warn Conflicting peer dependency: @typescript-eslint/eslint-plugin@6.21.0\nnpm warn node_modules/@typescript-eslint/eslint-plugin\nnpm warn   peerOptional @typescript-eslint/eslint-plugin@\"^6.0.0\" from eslint-plugin-unused-imports@3.0.0\nnpm warn   node_modules/eslint-plugin-unused-imports\nnpm warn     dev eslint-plugin-unused-imports@\"^3.0.0\" from the root project\nnpm warn ERESOLVE overriding peer dependency\nnpm warn While resolving: loki@0.31.2\nnpm warn Found: @storybook/react@9.0.18\nnpm warn node_modules/@storybook/react\nnpm warn   dev @storybook/react@\"^9.0.18\" from the root project\nnpm warn\nnpm warn Could not resolve dependency:\nnpm warn peerOptional @storybook/react@\"^5 || ^6\" from loki@0.31.2\nnpm warn node_modules/loki\nnpm warn   dev loki@\"^0.31.0\" from the root project\nnpm warn\nnpm warn Conflicting peer dependency: @storybook/react@6.5.16\nnpm warn node_modules/@storybook/react\nnpm warn   peerOptional @storybook/react@\"^5 || ^6\" from loki@0.31.2\nnpm warn   node_modules/loki\nnpm warn     dev loki@\"^0.31.0\" from the root project\nnpm warn ERESOLVE overriding peer dependency\nnpm warn While resolving: vite@6.3.5\nnpm warn Found: @types/node@17.0.45\nnpm warn node_modules/@types/node\nnpm warn   dev @types/node@\"^17.0.21\" from the root project\nnpm warn   101 more (@jest/console, @jest/types, jest-util, @jest/core, ...)\nnpm warn\nnpm warn Could not resolve dependency:\nnpm warn peerOptional @types/node@\"^18.0.0 || ^20.0.0 || >=22.0.0\" from vite@6.3.5\nnpm warn node_modules/vite\nnpm warn   dev vite@\"^6.3.5\" from the root project\nnpm warn   2 more (@vitejs/plugin-react, vite-plugin-svgr)\nnpm warn\nnpm warn Conflicting peer dependency: @types/node@24.1.0\nnpm warn node_modules/@types/node\nnpm warn   peerOptional @types/node@\"^18.0.0 || ^20.0.0 || >=22.0.0\" from vite@6.3.5\nnpm warn   node_modules/vite\nnpm warn     dev vite@\"^6.3.5\" from the root project\nnpm warn     2 more (@vitejs/plugin-react, vite-plugin-svgr)\nnpm warn ERESOLVE overriding peer dependency\nnpm warn While resolving: @typescript-eslint/utils@8.38.0\nnpm warn Found: eslint@8.56.0\nnpm warn node_modules/eslint\nnpm warn   dev eslint@\"^8.34.0\" from the root project\nnpm warn   18 more (@eslint-community/eslint-utils, ...)\nnpm warn\nnpm warn Could not resolve dependency:\nnpm warn peer eslint@\"^8.57.0 || ^9.0.0\" from @typescript-eslint/utils@8.38.0\nnpm warn node_modules/eslint-plugin-storybook/node_modules/@typescript-eslint/utils\nnpm warn   @typescript-eslint/utils@\"^8.8.1\" from eslint-plugin-storybook@9.0.18\nnpm warn   node_modules/eslint-plugin-storybook\nnpm warn\nnpm warn Conflicting peer dependency: eslint@9.31.0\nnpm warn node_modules/eslint\nnpm warn   peer eslint@\"^8.57.0 || ^9.0.0\" from @typescript-eslint/utils@8.38.0\nnpm warn   node_modules/eslint-plugin-storybook/node_modules/@typescript-eslint/utils\nnpm warn     @typescript-eslint/utils@\"^8.8.1\" from eslint-plugin-storybook@9.0.18\nnpm warn     node_modules/eslint-plugin-storybook\nnpm warn ERESOLVE overriding peer dependency\nnpm warn While resolving: react-reconciler@0.26.2\nnpm warn Found: react@18.2.0\nnpm warn node_modules/react\nnpm warn   react@\"^18.2.0\" from the root project\nnpm warn   31 more (@headlessui/react, @react-spring/animated, ...)\nnpm warn\nnpm warn Could not resolve dependency:\nnpm warn peer react@\"^17.0.2\" from react-reconciler@0.26.2\nnpm warn node_modules/ink/node_modules/react-reconciler\nnpm warn   react-reconciler@\"^0.26.2\" from ink@3.2.0\nnpm warn   node_modules/ink\nnpm warn\nnpm warn Conflicting peer dependency: react@17.0.2\nnpm warn node_modules/react\nnpm warn   peer react@\"^17.0.2\" from react-reconciler@0.26.2\nnpm warn   node_modules/ink/node_modules/react-reconciler\nnpm warn     react-reconciler@\"^0.26.2\" from ink@3.2.0\nnpm warn     node_modules/ink\nnpm warn ERESOLVE overriding peer dependency\nnpm warn While resolving: @loki/integration-react@0.31.2\nnpm warn Found: @storybook/react@9.0.18\nnpm warn node_modules/@storybook/react\nnpm warn   dev @storybook/react@\"^9.0.18\" from the root project\nnpm warn\nnpm warn Could not resolve dependency:\nnpm warn peerOptional @storybook/react@\"^5 || ^6\" from @loki/integration-react@0.31.2\nnpm warn node_modules/loki/node_modules/@loki/integration-react\nnpm warn   @loki/integration-react@\"^0.31.2\" from loki@0.31.2\nnpm warn   node_modules/loki\nnpm warn\nnpm warn Conflicting peer dependency: @storybook/react@6.5.16\nnpm warn node_modules/@storybook/react\nnpm warn   peerOptional @storybook/react@\"^5 || ^6\" from @loki/integration-react@0.31.2\nnpm warn   node_modules/loki/node_modules/@loki/integration-react\nnpm warn     @loki/integration-react@\"^0.31.2\" from loki@0.31.2\nnpm warn     node_modules/loki\nnpm error code ETARGET\nnpm error notarget No matching version found for @storybook/testing-library@^6.4.0.\nnpm error notarget In most cases you or one of your dependencies are requesting\nnpm error notarget a package version that doesn't exist.\nnpm error A complete log of this run can be found in: C:\\Users\\yu.zajka\\AppData\\Local\\npm-cache\\_logs\\2025-07-25T12_36_59_026Z-debug-0.log\n    at makeError (C:\\Users\\yu.zajka\\AppData\\Local\\npm-cache\\_npx\\e735b42ccbe56908\\node_modules\\storybook\\dist\\common\\index.cjs:24517:67)\n    at handlePromise (C:\\Users\\yu.zajka\\AppData\\Local\\npm-cache\\_npx\\e735b42ccbe56908\\node_modules\\storybook\\dist\\common\\index.cjs:25135:15)\n    at process.processTicksAndRejections (node:internal/process/task_queues:105:5)\n    at async Object.executeTask (C:\\Users\\yu.zajka\\AppData\\Local\\npm-cache\\_npx\\e735b42ccbe56908\\node_modules\\storybook\\dist\\node-logger\\index.cjs:9088:11)\n    at async Ko.installDependencies (C:\\Users\\yu.zajka\\AppData\\Local\\npm-cache\\_npx\\e735b42ccbe56908\\node_modules\\storybook\\dist\\common\\index.cjs:25438:5)\n    at async C:\\Users\\yu.zajka\\AppData\\Local\\npm-cache\\_npx\\e735b42ccbe56908\\node_modules\\@storybook\\cli\\dist\\bin\\index.cjs:290:768\n    at async withTelemetry (C:\\Users\\yu.zajka\\AppData\\Local\\npm-cache\\_npx\\e735b42ccbe56908\\node_modules\\storybook\\dist\\core-server\\index.cjs:36157:12)\n    at async upgrade (C:\\Users\\yu.zajka\\AppData\\Local\\npm-cache\\_npx\\e735b42ccbe56908\\node_modules\\@storybook\\cli\\dist\\bin\\index.cjs:285:1348)\n    at async Command.<anonymous> (C:\\Users\\yu.zajka\\AppData\\Local\\npm-cache\\_npx\\e735b42ccbe56908\\node_modules\\@storybook\\cli\\dist\\bin\\index.cjs:291:3274)"}
[15:37:03.998] [ERROR] install-dependencies-task-error: An error occurred while installing dependencies.
[15:37:03.999] [ERROR] Error: Command failed with exit code 1: npm install --force
npm warn using --force Recommended protections disabled.
npm warn ERESOLVE overriding peer dependency
npm warn While resolving: eslint-plugin-unused-imports@3.0.0
npm warn Found: @typescript-eslint/eslint-plugin@5.62.0
npm warn node_modules/@typescript-eslint/eslint-plugin
npm warn   dev @typescript-eslint/eslint-plugin@"^5.52.0" from the root project
npm warn   1 more (eslint-config-standard-with-typescript)
npm warn
npm warn Could not resolve dependency:
npm warn peerOptional @typescript-eslint/eslint-plugin@"^6.0.0" from eslint-plugin-unused-imports@3.0.0
npm warn node_modules/eslint-plugin-unused-imports
npm warn   dev eslint-plugin-unused-imports@"^3.0.0" from the root project
npm warn
npm warn Conflicting peer dependency: @typescript-eslint/eslint-plugin@6.21.0
npm warn node_modules/@typescript-eslint/eslint-plugin
npm warn   peerOptional @typescript-eslint/eslint-plugin@"^6.0.0" from eslint-plugin-unused-imports@3.0.0
npm warn   node_modules/eslint-plugin-unused-imports
npm warn     dev eslint-plugin-unused-imports@"^3.0.0" from the root project
npm warn ERESOLVE overriding peer dependency
npm warn While resolving: loki@0.31.2
npm warn Found: @storybook/react@9.0.18
npm warn node_modules/@storybook/react
npm warn   dev @storybook/react@"^9.0.18" from the root project
npm warn
npm warn Could not resolve dependency:
npm warn peerOptional @storybook/react@"^5 || ^6" from loki@0.31.2
npm warn node_modules/loki
npm warn   dev loki@"^0.31.0" from the root project
npm warn
npm warn Conflicting peer dependency: @storybook/react@6.5.16
npm warn node_modules/@storybook/react
npm warn   peerOptional @storybook/react@"^5 || ^6" from loki@0.31.2
npm warn   node_modules/loki
npm warn     dev loki@"^0.31.0" from the root project
npm warn ERESOLVE overriding peer dependency
npm warn While resolving: vite@6.3.5
npm warn Found: @types/node@17.0.45
npm warn node_modules/@types/node
npm warn   dev @types/node@"^17.0.21" from the root project
npm warn   101 more (@jest/console, @jest/types, jest-util, @jest/core, ...)
npm warn
npm warn Could not resolve dependency:
npm warn peerOptional @types/node@"^18.0.0 || ^20.0.0 || >=22.0.0" from vite@6.3.5
npm warn node_modules/vite
npm warn   dev vite@"^6.3.5" from the root project
npm warn   2 more (@vitejs/plugin-react, vite-plugin-svgr)
npm warn
npm warn Conflicting peer dependency: @types/node@24.1.0
npm warn node_modules/@types/node
npm warn   peerOptional @types/node@"^18.0.0 || ^20.0.0 || >=22.0.0" from vite@6.3.5
npm warn   node_modules/vite
npm warn     dev vite@"^6.3.5" from the root project
npm warn     2 more (@vitejs/plugin-react, vite-plugin-svgr)
npm warn ERESOLVE overriding peer dependency
npm warn While resolving: @typescript-eslint/utils@8.38.0
npm warn Found: eslint@8.56.0
npm warn node_modules/eslint
npm warn   dev eslint@"^8.34.0" from the root project
npm warn   18 more (@eslint-community/eslint-utils, ...)
npm warn
npm warn Could not resolve dependency:
npm warn peer eslint@"^8.57.0 || ^9.0.0" from @typescript-eslint/utils@8.38.0
npm warn node_modules/eslint-plugin-storybook/node_modules/@typescript-eslint/utils
npm warn   @typescript-eslint/utils@"^8.8.1" from eslint-plugin-storybook@9.0.18
npm warn   node_modules/eslint-plugin-storybook
npm warn
npm warn Conflicting peer dependency: eslint@9.31.0
npm warn node_modules/eslint
npm warn   peer eslint@"^8.57.0 || ^9.0.0" from @typescript-eslint/utils@8.38.0
npm warn   node_modules/eslint-plugin-storybook/node_modules/@typescript-eslint/utils
npm warn     @typescript-eslint/utils@"^8.8.1" from eslint-plugin-storybook@9.0.18
npm warn     node_modules/eslint-plugin-storybook
npm warn ERESOLVE overriding peer dependency
npm warn While resolving: react-reconciler@0.26.2
npm warn Found: react@18.2.0
npm warn node_modules/react
npm warn   react@"^18.2.0" from the root project
npm warn   31 more (@headlessui/react, @react-spring/animated, ...)
npm warn
npm warn Could not resolve dependency:
npm warn peer react@"^17.0.2" from react-reconciler@0.26.2
npm warn node_modules/ink/node_modules/react-reconciler
npm warn   react-reconciler@"^0.26.2" from ink@3.2.0
npm warn   node_modules/ink
npm warn
npm warn Conflicting peer dependency: react@17.0.2
npm warn node_modules/react
npm warn   peer react@"^17.0.2" from react-reconciler@0.26.2
npm warn   node_modules/ink/node_modules/react-reconciler
npm warn     react-reconciler@"^0.26.2" from ink@3.2.0
npm warn     node_modules/ink
npm warn ERESOLVE overriding peer dependency
npm warn While resolving: @loki/integration-react@0.31.2
npm warn Found: @storybook/react@9.0.18
npm warn node_modules/@storybook/react
npm warn   dev @storybook/react@"^9.0.18" from the root project
npm warn
npm warn Could not resolve dependency:
npm warn peerOptional @storybook/react@"^5 || ^6" from @loki/integration-react@0.31.2
npm warn node_modules/loki/node_modules/@loki/integration-react
npm warn   @loki/integration-react@"^0.31.2" from loki@0.31.2
npm warn   node_modules/loki
npm warn
npm warn Conflicting peer dependency: @storybook/react@6.5.16
npm warn node_modules/@storybook/react
npm warn   peerOptional @storybook/react@"^5 || ^6" from @loki/integration-react@0.31.2
npm warn   node_modules/loki/node_modules/@loki/integration-react
npm warn     @loki/integration-react@"^0.31.2" from loki@0.31.2
npm warn     node_modules/loki
npm error code ETARGET
npm error notarget No matching version found for @storybook/testing-library@^6.4.0.
npm error notarget In most cases you or one of your dependencies are requesting
npm error notarget a package version that doesn't exist.
npm error A complete log of this run can be found in: C:\Users\yu.zajka\AppData\Local\npm-cache\_logs\2025-07-25T12_36_59_026Z-debug-0.log
    at makeError (C:\Users\yu.zajka\AppData\Local\npm-cache\_npx\e735b42ccbe56908\node_modules\storybook\dist\common\index.cjs:24517:67)
    at handlePromise (C:\Users\yu.zajka\AppData\Local\npm-cache\_npx\e735b42ccbe56908\node_modules\storybook\dist\common\index.cjs:25135:15)
    at process.processTicksAndRejections (node:internal/process/task_queues:105:5)
    at async Object.executeTask (C:\Users\yu.zajka\AppData\Local\npm-cache\_npx\e735b42ccbe56908\node_modules\storybook\dist\node-logger\index.cjs:9088:11)
    at async Ko.installDependencies (C:\Users\yu.zajka\AppData\Local\npm-cache\_npx\e735b42ccbe56908\node_modules\storybook\dist\common\index.cjs:25438:5)
    at async C:\Users\yu.zajka\AppData\Local\npm-cache\_npx\e735b42ccbe56908\node_modules\@storybook\cli\dist\bin\index.cjs:290:768
    at async withTelemetry (C:\Users\yu.zajka\AppData\Local\npm-cache\_npx\e735b42ccbe56908\node_modules\storybook\dist\core-server\index.cjs:36157:12)
    at async upgrade (C:\Users\yu.zajka\AppData\Local\npm-cache\_npx\e735b42ccbe56908\node_modules\@storybook\cli\dist\bin\index.cjs:285:1348)
    at async Command.<anonymous> (C:\Users\yu.zajka\AppData\Local\npm-cache\_npx\e735b42ccbe56908\node_modules\@storybook\cli\dist\bin\index.cjs:291:3274)
[15:37:11.851] [ERROR] Error: Command failed with exit code 1: npm install --force
npm warn using --force Recommended protections disabled.
npm warn ERESOLVE overriding peer dependency
npm warn While resolving: eslint-plugin-unused-imports@3.0.0
npm warn Found: @typescript-eslint/eslint-plugin@5.62.0
npm warn node_modules/@typescript-eslint/eslint-plugin
npm warn   dev @typescript-eslint/eslint-plugin@"^5.52.0" from the root project
npm warn   1 more (eslint-config-standard-with-typescript)
npm warn
npm warn Could not resolve dependency:
npm warn peerOptional @typescript-eslint/eslint-plugin@"^6.0.0" from eslint-plugin-unused-imports@3.0.0
npm warn node_modules/eslint-plugin-unused-imports
npm warn   dev eslint-plugin-unused-imports@"^3.0.0" from the root project
npm warn
npm warn Conflicting peer dependency: @typescript-eslint/eslint-plugin@6.21.0
npm warn node_modules/@typescript-eslint/eslint-plugin
npm warn   peerOptional @typescript-eslint/eslint-plugin@"^6.0.0" from eslint-plugin-unused-imports@3.0.0
npm warn   node_modules/eslint-plugin-unused-imports
npm warn     dev eslint-plugin-unused-imports@"^3.0.0" from the root project
npm warn ERESOLVE overriding peer dependency
npm warn While resolving: loki@0.31.2
npm warn Found: @storybook/react@9.0.18
npm warn node_modules/@storybook/react
npm warn   dev @storybook/react@"^9.0.18" from the root project
npm warn
npm warn Could not resolve dependency:
npm warn peerOptional @storybook/react@"^5 || ^6" from loki@0.31.2
npm warn node_modules/loki
npm warn   dev loki@"^0.31.0" from the root project
npm warn
npm warn Conflicting peer dependency: @storybook/react@6.5.16
npm warn node_modules/@storybook/react
npm warn   peerOptional @storybook/react@"^5 || ^6" from loki@0.31.2
npm warn   node_modules/loki
npm warn     dev loki@"^0.31.0" from the root project
npm warn ERESOLVE overriding peer dependency
npm warn While resolving: vite@6.3.5
npm warn Found: @types/node@17.0.45
npm warn node_modules/@types/node
npm warn   dev @types/node@"^17.0.21" from the root project
npm warn   101 more (@jest/console, @jest/types, jest-util, @jest/core, ...)
npm warn
npm warn Could not resolve dependency:
npm warn peerOptional @types/node@"^18.0.0 || ^20.0.0 || >=22.0.0" from vite@6.3.5
npm warn node_modules/vite
npm warn   dev vite@"^6.3.5" from the root project
npm warn   2 more (@vitejs/plugin-react, vite-plugin-svgr)
npm warn
npm warn Conflicting peer dependency: @types/node@24.1.0
npm warn node_modules/@types/node
npm warn   peerOptional @types/node@"^18.0.0 || ^20.0.0 || >=22.0.0" from vite@6.3.5
npm warn   node_modules/vite
npm warn     dev vite@"^6.3.5" from the root project
npm warn     2 more (@vitejs/plugin-react, vite-plugin-svgr)
npm warn ERESOLVE overriding peer dependency
npm warn While resolving: @typescript-eslint/utils@8.38.0
npm warn Found: eslint@8.56.0
npm warn node_modules/eslint
npm warn   dev eslint@"^8.34.0" from the root project
npm warn   18 more (@eslint-community/eslint-utils, ...)
npm warn
npm warn Could not resolve dependency:
npm warn peer eslint@"^8.57.0 || ^9.0.0" from @typescript-eslint/utils@8.38.0
npm warn node_modules/eslint-plugin-storybook/node_modules/@typescript-eslint/utils
npm warn   @typescript-eslint/utils@"^8.8.1" from eslint-plugin-storybook@9.0.18
npm warn   node_modules/eslint-plugin-storybook
npm warn
npm warn Conflicting peer dependency: eslint@9.31.0
npm warn node_modules/eslint
npm warn   peer eslint@"^8.57.0 || ^9.0.0" from @typescript-eslint/utils@8.38.0
npm warn   node_modules/eslint-plugin-storybook/node_modules/@typescript-eslint/utils
npm warn     @typescript-eslint/utils@"^8.8.1" from eslint-plugin-storybook@9.0.18
npm warn     node_modules/eslint-plugin-storybook
npm warn ERESOLVE overriding peer dependency
npm warn While resolving: react-reconciler@0.26.2
npm warn Found: react@18.2.0
npm warn node_modules/react
npm warn   react@"^18.2.0" from the root project
npm warn   31 more (@headlessui/react, @react-spring/animated, ...)
npm warn
npm warn Could not resolve dependency:
npm warn peer react@"^17.0.2" from react-reconciler@0.26.2
npm warn node_modules/ink/node_modules/react-reconciler
npm warn   react-reconciler@"^0.26.2" from ink@3.2.0
npm warn   node_modules/ink
npm warn
npm warn Conflicting peer dependency: react@17.0.2
npm warn node_modules/react
npm warn   peer react@"^17.0.2" from react-reconciler@0.26.2
npm warn   node_modules/ink/node_modules/react-reconciler
npm warn     react-reconciler@"^0.26.2" from ink@3.2.0
npm warn     node_modules/ink
npm warn ERESOLVE overriding peer dependency
npm warn While resolving: @loki/integration-react@0.31.2
npm warn Found: @storybook/react@9.0.18
npm warn node_modules/@storybook/react
npm warn   dev @storybook/react@"^9.0.18" from the root project
npm warn
npm warn Could not resolve dependency:
npm warn peerOptional @storybook/react@"^5 || ^6" from @loki/integration-react@0.31.2
npm warn node_modules/loki/node_modules/@loki/integration-react
npm warn   @loki/integration-react@"^0.31.2" from loki@0.31.2
npm warn   node_modules/loki
npm warn
npm warn Conflicting peer dependency: @storybook/react@6.5.16
npm warn node_modules/@storybook/react
npm warn   peerOptional @storybook/react@"^5 || ^6" from @loki/integration-react@0.31.2
npm warn   node_modules/loki/node_modules/@loki/integration-react
npm warn     @loki/integration-react@"^0.31.2" from loki@0.31.2
npm warn     node_modules/loki
npm error code ETARGET
npm error notarget No matching version found for @storybook/testing-library@^6.4.0.
npm error notarget In most cases you or one of your dependencies are requesting
npm error notarget a package version that doesn't exist.
npm error A complete log of this run can be found in: C:\Users\yu.zajka\AppData\Local\npm-cache\_logs\2025-07-25T12_36_59_026Z-debug-0.log